<?xml version="1.0" encoding="UTF-8"?>
<!-- Generated by org.testng.reporters.JUnitReportReporter -->
<testsuite hostname="DESKTOP-1B2CC5A" failures="0" tests="1" name="testNGXml.serialtest2" time="9.300" errors="0" timestamp="2022-11-16T15:36:49 IST" skipped="0">
  <testcase classname="testNGXml.serialtest2" name="FacebookLaunch" time="9.300"/>
  <system-out>
    <![CDATA[facebooklaunch]]>
  </system-out>
</testsuite> <!-- testNGXml.serialtest2 -->
