<?xml version="1.0" encoding="UTF-8"?>
<!-- Generated by org.testng.reporters.JUnitReportReporter -->
<testsuite hostname="DESKTOP-1B2CC5A" failures="0" tests="2" name="testNGXml.Testing2" time="0.002" errors="0" timestamp="2022-11-15T16:11:27 IST" skipped="0">
  <testcase classname="testNGXml.Testing2" name="H" time="0.001"/>
  <system-out>
    <![CDATA[H TC is running]]>
  </system-out>
  <testcase classname="testNGXml.Testing2" name="E" time="0.001"/>
  <system-out>
    <![CDATA[E TC is running]]>
  </system-out>
</testsuite> <!-- testNGXml.Testing2 -->
