<?xml version="1.0" encoding="UTF-8"?>
<!-- Generated by org.testng.reporters.JUnitReportReporter -->
<testsuite hostname="DESKTOP-1B2CC5A" failures="0" tests="2" name="testNGStudy.AnnotationStudy" time="0.007" errors="0" timestamp="2022-11-08T15:38:03 IST" skipped="0">
  <testcase classname="testNGStudy.AnnotationStudy" name="myTest2" time="0.004"/>
  <system-out>
    <![CDATA[myTest2 test method is running]]>
  </system-out>
  <testcase classname="testNGStudy.AnnotationStudy" name="myTest1" time="0.003"/>
  <system-out>
    <![CDATA[myTest1 test method is running]]>
  </system-out>
</testsuite> <!-- testNGStudy.AnnotationStudy -->
