<?xml version="1.0" encoding="UTF-8"?>
<!-- Generated by org.testng.reporters.JUnitReportReporter -->
<testsuite hostname="DESKTOP-1B2CC5A" failures="0" tests="4" name="testNGStudy.Priority" time="0.010" errors="0" timestamp="2022-11-08T16:17:38 IST" skipped="0">
  <testcase classname="testNGStudy.Priority" name="D" time="0.007"/>
  <system-out>
    <![CDATA[D TC is running]]>
  </system-out>
  <testcase classname="testNGStudy.Priority" name="C" time="0.001"/>
  <system-out>
    <![CDATA[C TC is running]]>
  </system-out>
  <testcase classname="testNGStudy.Priority" name="B" time="0.001"/>
  <system-out>
    <![CDATA[B TC is running]]>
  </system-out>
  <testcase classname="testNGStudy.Priority" name="A" time="0.001"/>
  <system-out>
    <![CDATA[A TC is running]]>
  </system-out>
</testsuite> <!-- testNGStudy.Priority -->
