<?xml version="1.0" encoding="UTF-8"?>
<!-- Generated by org.testng.reporters.JUnitReportReporter -->
<testsuite hostname="DESKTOP-1B2CC5A" failures="0" tests="1" name="testNGXml.Testing4" time="0.006" errors="0" timestamp="2022-11-16T11:27:44 IST" skipped="0">
  <testcase classname="testNGXml.Testing4" name="G" time="0.006"/>
  <system-out>
    <![CDATA[G TC is running]]>
  </system-out>
</testsuite> <!-- testNGXml.Testing4 -->
