<?xml version="1.0" encoding="UTF-8"?>
<!-- Generated by org.testng.reporters.JUnitReportReporter -->
<testsuite hostname="DESKTOP-1B2CC5A" failures="0" tests="2" name="testNGStudy.MyTestNGClass" time="8.350" errors="0" timestamp="2022-11-08T14:19:44 IST" skipped="0">
  <testcase classname="testNGStudy.MyTestNGClass" name="facebookTest" time="2.924"/>
  <system-out/>
  <testcase classname="testNGStudy.MyTestNGClass" name="GoogleTest" time="5.426"/>
  <system-out/>
</testsuite> <!-- testNGStudy.MyTestNGClass -->
