<?xml version="1.0" encoding="UTF-8"?>
<!-- Generated by org.testng.reporters.JUnitReportReporter -->
<testsuite hostname="DESKTOP-1B2CC5A" failures="0" tests="1" name="testNGXml.ParallelTest1" time="14.283" errors="0" timestamp="2022-11-16T15:22:43 IST" skipped="0">
  <testcase classname="testNGXml.ParallelTest1" name="paytmlaunch" time="14.283"/>
  <system-out>
    <![CDATA[paytm launch]]>
  </system-out>
</testsuite> <!-- testNGXml.ParallelTest1 -->
