<?xml version="1.0" encoding="UTF-8"?>
<!-- Generated by org.testng.reporters.JUnitReportReporter -->
<testsuite hostname="DESKTOP-1B2CC5A" failures="0" tests="1" name="verificationUsingTestNG.AssertNotEquals" time="0.053" errors="0" timestamp="2022-11-17T13:46:45 IST" skipped="0">
  <testcase classname="verificationUsingTestNG.AssertNotEquals" name="AssertNotEqualsUse" time="0.053"/>
  <system-out>
    <![CDATA[TC is passed A and B are not Matching]]>
  </system-out>
</testsuite> <!-- verificationUsingTestNG.AssertNotEquals -->
