<?xml version="1.0" encoding="UTF-8"?>
<!-- Generated by org.testng.reporters.JUnitReportReporter -->
<testsuite hostname="DESKTOP-1B2CC5A" failures="0" tests="1" name="verificationUsingTestNG.AssertEquals" time="0.000" errors="0" timestamp="2022-11-17T13:38:49 IST" skipped="0">
  <testcase classname="verificationUsingTestNG.AssertEquals" name="TC1" time="0.000"/>
  <system-out/>
</testsuite> <!-- verificationUsingTestNG.AssertEquals -->
