<?xml version="1.0" encoding="UTF-8"?>
<!-- Generated by org.testng.reporters.JUnitReportReporter -->
<testsuite hostname="DESKTOP-1B2CC5A" failures="0" tests="2" name="testNGXml.Testing3" time="0.001" errors="0" timestamp="2022-11-16T11:27:44 IST" skipped="0">
  <testcase classname="testNGXml.Testing3" name="A" time="0.000"/>
  <system-out>
    <![CDATA[A TC is running]]>
  </system-out>
  <testcase classname="testNGXml.Testing3" name="B" time="0.001"/>
  <system-out>
    <![CDATA[B TC is runnig]]>
  </system-out>
</testsuite> <!-- testNGXml.Testing3 -->
