<?xml version="1.0" encoding="UTF-8"?>
<!-- Generated by org.testng.reporters.JUnitReportReporter -->
<testsuite hostname="DESKTOP-1B2CC5A" failures="0" tests="2" name="crossBrowser.CBTesting" time="55.217" errors="0" timestamp="2022-11-21T17:08:21 IST" skipped="0">
  <testcase classname="crossBrowser.CBTesting" name="browserTest" time="46.672"/>
  <system-out/>
  <testcase classname="crossBrowser.CBTesting" name="browserTest" time="8.545"/>
  <system-out/>
</testsuite> <!-- crossBrowser.CBTesting -->
