<?xml version="1.0" encoding="UTF-8"?>
<!-- Generated by org.testng.reporters.JUnitReportReporter -->
<testsuite hostname="DESKTOP-1B2CC5A" failures="0" tests="4" name="testNGStudy.DependsOnMethods" time="0.011" errors="0" timestamp="2022-11-15T14:44:22 IST" skipped="0">
  <testcase classname="testNGStudy.DependsOnMethods" name="A" time="0.001"/>
  <system-out>
    <![CDATA[A TC is running]]>
  </system-out>
  <testcase classname="testNGStudy.DependsOnMethods" name="B" time="0.009"/>
  <system-out>
    <![CDATA[B TC is running]]>
  </system-out>
  <testcase classname="testNGStudy.DependsOnMethods" name="c" time="0.000"/>
  <system-out>
    <![CDATA[c TC is running]]>
  </system-out>
  <testcase classname="testNGStudy.DependsOnMethods" name="D" time="0.001"/>
  <system-out>
    <![CDATA[D TC is running]]>
  </system-out>
</testsuite> <!-- testNGStudy.DependsOnMethods -->
