<?xml version="1.0" encoding="UTF-8"?>
<!-- Generated by org.testng.reporters.JUnitReportReporter -->
<testsuite hostname="DESKTOP-1B2CC5A" failures="0" tests="2" name="testNGStudy.MyTest" time="0.025" errors="0" timestamp="2022-11-08T15:16:24 IST" skipped="0">
  <testcase classname="testNGStudy.MyTest" name="A" time="0.023"/>
  <system-out>
    <![CDATA[A method is runnig ---:log
A method is runnig using ---:log true]]>
  </system-out>
  <testcase classname="testNGStudy.MyTest" name="B" time="0.002"/>
  <system-out>
    <![CDATA[B method running using--:log
B method running using--:log true]]>
  </system-out>
</testsuite> <!-- testNGStudy.MyTest -->
