<?xml version="1.0" encoding="UTF-8"?>
<!-- Generated by org.testng.reporters.JUnitReportReporter -->
<testsuite hostname="DESKTOP-1B2CC5A" failures="0" tests="2" name="testNGXml.Testing1" time="0.010" errors="0" timestamp="2022-11-15T16:11:27 IST" skipped="0">
  <testcase classname="testNGXml.Testing1" name="D" time="0.002"/>
  <system-out>
    <![CDATA[D TC is running]]>
  </system-out>
  <testcase classname="testNGXml.Testing1" name="A" time="0.008"/>
  <system-out>
    <![CDATA[A TC is running]]>
  </system-out>
</testsuite> <!-- testNGXml.Testing1 -->
