<?xml version="1.0" encoding="UTF-8"?>
<!-- Generated by org.testng.reporters.JUnitReportReporter -->
<testsuite hostname="DESKTOP-1B2CC5A" failures="0" tests="1" name="verificationUsingTestNG.AssertNotNull" time="0.108" errors="0" timestamp="2022-11-17T14:05:41 IST" skipped="0">
  <testcase classname="verificationUsingTestNG.AssertNotNull" name="f" time="0.108"/>
  <system-out/>
</testsuite> <!-- verificationUsingTestNG.AssertNotNull -->
