<?xml version="1.0" encoding="UTF-8"?>
<!-- Generated by org.testng.reporters.JUnitReportReporter -->
<testsuite hostname="DESKTOP-1B2CC5A" failures="0" tests="5" name="testNgKeyword.testing" time="0.015" errors="0" timestamp="2022-11-08T16:12:58 IST" skipped="0">
  <testcase classname="testNgKeyword.testing" name="A" time="0.011"/>
  <system-out>
    <![CDATA[A TC is running]]>
  </system-out>
  <testcase classname="testNgKeyword.testing" name="A" time="0.001"/>
  <system-out>
    <![CDATA[A TC is running]]>
  </system-out>
  <testcase classname="testNgKeyword.testing" name="A" time="0.001"/>
  <system-out>
    <![CDATA[A TC is running]]>
  </system-out>
  <testcase classname="testNgKeyword.testing" name="A" time="0.001"/>
  <system-out>
    <![CDATA[A TC is running]]>
  </system-out>
  <testcase classname="testNgKeyword.testing" name="A" time="0.001"/>
  <system-out>
    <![CDATA[A TC is running]]>
  </system-out>
</testsuite> <!-- testNgKeyword.testing -->
