<?xml version="1.0" encoding="UTF-8"?>
<!-- Generated by org.testng.reporters.JUnitReportReporter -->
<testsuite hostname="DESKTOP-1B2CC5A" failures="0" tests="1" name="testNGXml.ParallelTest2" time="6.743" errors="0" timestamp="2022-11-16T15:22:43 IST" skipped="0">
  <testcase classname="testNGXml.ParallelTest2" name="FacebookLaunch" time="6.743"/>
  <system-out>
    <![CDATA[facebooklaunch]]>
  </system-out>
</testsuite> <!-- testNGXml.ParallelTest2 -->
