<?xml version="1.0" encoding="UTF-8"?>
<!-- Generated by org.testng.reporters.JUnitReportReporter -->
<testsuite hostname="DESKTOP-1B2CC5A" failures="0" tests="1" name="softAsserts.FirefoxTest" time="12.546" errors="0" timestamp="2022-11-18T14:54:37 IST" skipped="0">
  <testcase classname="softAsserts.FirefoxTest" name="firefox" time="12.546"/>
  <system-out/>
</testsuite> <!-- softAsserts.FirefoxTest -->
