<?xml version="1.0" encoding="UTF-8"?>
<!-- Generated by org.testng.reporters.JUnitReportReporter -->
<testsuite hostname="DESKTOP-1B2CC5A" failures="0" tests="4" name="testNGStudy.TimeOut" time="2.071" errors="0" timestamp="2022-11-08T16:25:24 IST" skipped="0">
  <testcase classname="testNGStudy.TimeOut" name="B" time="0.003"/>
  <system-out>
    <![CDATA[B TC is running]]>
  </system-out>
  <testcase classname="testNGStudy.TimeOut" name="A" time="0.016"/>
  <system-out>
    <![CDATA[A TC is running]]>
  </system-out>
  <testcase classname="testNGStudy.TimeOut" name="D" time="0.003"/>
  <system-out>
    <![CDATA[D TC is running]]>
  </system-out>
  <testcase classname="testNGStudy.TimeOut" name="C" time="2.049"/>
  <system-out>
    <![CDATA[C TC is running]]>
  </system-out>
</testsuite> <!-- testNGStudy.TimeOut -->
