<?xml version="1.0" encoding="UTF-8"?>
<!-- Generated by org.testng.reporters.JUnitReportReporter -->
<testsuite hostname="DESKTOP-1B2CC5A" failures="0" tests="4" name="testNGStudy.Enabled" time="0.012" errors="0" timestamp="2022-11-08T16:20:00 IST" skipped="1">
  <testcase classname="testNGStudy.Enabled" name="B" time="0.001"/>
  <system-out>
    <![CDATA[B TC is running]]>
  </system-out>
  <testcase classname="testNGStudy.Enabled" name="D" time="0.001"/>
  <system-out>
    <![CDATA[D TC is running]]>
  </system-out>
  <testcase classname="testNGStudy.Enabled" name="A" time="0.010"/>
  <system-out>
    <![CDATA[A TC is running]]>
  </system-out>
  <testcase classname="testNGStudy.Enabled" name="C">
    <skipped/>
  </testcase> <!-- C -->
  <system-out/>
</testsuite> <!-- testNGStudy.Enabled -->
